<?xml version="1.0" encoding="UTF-8"?>
<!-- Generated by org.testng.reporters.JUnitXMLReporter -->
<testsuite ignored="0" hostname="exactpro-nb295" failures="0" tests="6" name="Test" time="23.717" errors="0" timestamp="2024-02-07T19:52:18 IST">
  <testcase classname="com.shop.tests.IndexpageTest" name="validateLogo" time="0.066"/>
  <testcase classname="com.shop.tests.IndexpageTest" name="validateTitle" time="0.009"/>
  <testcase classname="com.shop.tests.IndexpageTest" name="validateUserLoginStatus" time="5.584"/>
  <testcase classname="com.shop.tests.IndexpageTest" name="searchPage" time="0.34"/>
  <testcase classname="com.shop.tests.IndexpageTest" name="orderPage" time="5.93"/>
  <testcase classname="com.shop.tests.IndexpageTest" name="addToCart" time="3.407"/>
</testsuite> <!-- Test -->
