<?xml version="1.0" encoding="UTF-8"?>
<testng-results ignored="0" total="6" passed="6" failed="0" skipped="0">
  <reporter-output>
  </reporter-output>
  <suite started-at="2024-02-07T19:51:54 IST" name="Suite" finished-at="2024-02-07T19:52:18 IST" duration-ms="23717">
    <groups>
    </groups>
    <test started-at="2024-02-07T19:51:54 IST" name="Test" finished-at="2024-02-07T19:52:18 IST" duration-ms="23717">
      <class name="com.shop.tests.IndexpageTest">
        <test-method is-config="true" signature="loadConfig()[pri:0, instance:com.shop.tests.IndexpageTest@2c177f9e]" started-at="2024-02-07T19:51:54 IST" name="loadConfig" finished-at="2024-02-07T19:51:54 IST" duration-ms="9" status="PASS">
          <reporter-output>
          </reporter-output>
        </test-method> <!-- loadConfig -->
        <test-method is-config="true" signature="setUp()[pri:0, instance:com.shop.tests.IndexpageTest@2c177f9e]" started-at="2024-02-07T19:51:54 IST" name="setUp" finished-at="2024-02-07T19:51:59 IST" duration-ms="5087" status="PASS">
          <reporter-output>
          </reporter-output>
        </test-method> <!-- setUp -->
        <test-method signature="validateLogo()[pri:1, instance:com.shop.tests.IndexpageTest@2c177f9e]" started-at="2024-02-07T19:51:59 IST" name="validateLogo" finished-at="2024-02-07T19:52:00 IST" duration-ms="66" status="PASS">
          <reporter-output>
          </reporter-output>
        </test-method> <!-- validateLogo -->
        <test-method signature="validateTitle()[pri:2, instance:com.shop.tests.IndexpageTest@2c177f9e]" started-at="2024-02-07T19:52:00 IST" name="validateTitle" finished-at="2024-02-07T19:52:00 IST" duration-ms="9" status="PASS">
          <reporter-output>
          </reporter-output>
        </test-method> <!-- validateTitle -->
        <test-method signature="validateUserLoginStatus(boolean)[pri:3, instance:com.shop.tests.IndexpageTest@2c177f9e]" started-at="2024-02-07T19:52:00 IST" name="validateUserLoginStatus" finished-at="2024-02-07T19:52:05 IST" duration-ms="5584" status="PASS">
          <params>
            <param index="0">
              <value>
                <![CDATA[true]]>
              </value>
            </param>
          </params>
          <reporter-output>
          </reporter-output>
        </test-method> <!-- validateUserLoginStatus -->
        <test-method signature="searchPage(java.lang.String)[pri:4, instance:com.shop.tests.IndexpageTest@2c177f9e]" started-at="2024-02-07T19:52:05 IST" name="searchPage" finished-at="2024-02-07T19:52:05 IST" duration-ms="340" status="PASS">
          <params>
            <param index="0">
              <value>
                <![CDATA[tab]]>
              </value>
            </param>
          </params>
          <reporter-output>
          </reporter-output>
        </test-method> <!-- searchPage -->
        <test-method signature="orderPage(java.lang.String,java.lang.String,java.lang.String)[pri:5, instance:com.shop.tests.IndexpageTest@2c177f9e]" started-at="2024-02-07T19:52:05 IST" name="orderPage" finished-at="2024-02-07T19:52:11 IST" duration-ms="5930" status="PASS">
          <params>
            <param index="0">
              <value>
                <![CDATA[tab]]>
              </value>
            </param>
            <param index="1">
              <value>
                <![CDATA[57]]>
              </value>
            </param>
            <param index="2">
              <value>
                <![CDATA[Price (Low > High)]]>
              </value>
            </param>
          </params>
          <reporter-output>
          </reporter-output>
        </test-method> <!-- orderPage -->
        <test-method signature="addToCart(java.lang.String)[pri:6, instance:com.shop.tests.IndexpageTest@2c177f9e]" started-at="2024-02-07T19:52:11 IST" name="addToCart" finished-at="2024-02-07T19:52:15 IST" duration-ms="3407" status="PASS">
          <params>
            <param index="0">
              <value>
                <![CDATA[2]]>
              </value>
            </param>
          </params>
          <reporter-output>
          </reporter-output>
        </test-method> <!-- addToCart -->
        <test-method is-config="true" signature="tearDwon()[pri:0, instance:com.shop.tests.IndexpageTest@2c177f9e]" started-at="2024-02-07T19:52:15 IST" name="tearDwon" finished-at="2024-02-07T19:52:18 IST" duration-ms="3236" status="PASS">
          <reporter-output>
          </reporter-output>
        </test-method> <!-- tearDwon -->
      </class> <!-- com.shop.tests.IndexpageTest -->
    </test> <!-- Test -->
  </suite> <!-- Suite -->
</testng-results>
